Unity Editor version:    2020.3.27f1 (e759542391ea)
Branch:                  2020.3/release
Build type:              Release
Batch mode:              YES
macOS version:           Version 12.4 (Build 21F79)
Darwin version:          21.5.0
Architecture:            x86_64
Running under Rosetta:   NO
Available memory:        8192 MB
Using pre-set license
Pro License: NO

COMMAND LINE ARGUMENTS:
/Applications/Unity/Hub/Editor/2020.3.27f1/Unity.app/Contents/MacOS/Unity
-adb2
-batchMode
-noUpm
-name
AssetImportWorker0
-projectPath
/Users/julioantunes/Desktop/Beyond_One_Gateway_Julio_Mafalda_Mariana_Rita/Beyond_One_Gateway_Julio_Mafalda_Mariana_Rita
-logFile
Logs/AssetImportWorker0.log
-srvPort
54502
Successfully changed project path to: /Users/julioantunes/Desktop/Beyond_One_Gateway_Julio_Mafalda_Mariana_Rita/Beyond_One_Gateway_Julio_Mafalda_Mariana_Rita
/Users/julioantunes/Desktop/Beyond_One_Gateway_Julio_Mafalda_Mariana_Rita/Beyond_One_Gateway_Julio_Mafalda_Mariana_Rita
Using Asset Import Pipeline V2.
Refreshing native plugins compatible for Editor in 263.33 ms, found 4 plugins.
Preloading 0 native plugins for Editor in 0.00 ms.
Initialize engine version: 2020.3.27f1 (e759542391ea)
[Subsystems] Discovering subsystems at path /Applications/Unity/Hub/Editor/2020.3.27f1/Unity.app/Contents/Resources/UnitySubsystems
[Subsystems] Discovering subsystems at path /Users/julioantunes/Desktop/Beyond_One_Gateway_Julio_Mafalda_Mariana_Rita/Beyond_One_Gateway_Julio_Mafalda_Mariana_Rita/Assets
GfxDevice: creating device client; threaded=0
2022-06-20 15:46:23.254 Unity[4004:207803] Color LCD preferred device: Intel(R) Iris(TM) Plus Graphics 640 (low power)
2022-06-20 15:46:23.255 Unity[4004:207803] Metal devices available: 1
2022-06-20 15:46:23.255 Unity[4004:207803] 0: Intel(R) Iris(TM) Plus Graphics 640 (low power)
2022-06-20 15:46:23.258 Unity[4004:207803] Using device Intel(R) Iris(TM) Plus Graphics 640 (low power)
Initializing Metal device caps: Intel(R) Iris(TM) Plus Graphics 640
Initialize mono
Mono path[0] = '/Applications/Unity/Hub/Editor/2020.3.27f1/Unity.app/Contents/Managed'
Mono path[1] = '/Applications/Unity/Hub/Editor/2020.3.27f1/Unity.app/Contents/MonoBleedingEdge/lib/mono/unityjit'
Mono config path = '/Applications/Unity/Hub/Editor/2020.3.27f1/Unity.app/Contents/MonoBleedingEdge/etc'
Using monoOptions --debugger-agent=transport=dt_socket,embedding=1,server=y,suspend=n,address=127.0.0.1:56004
Begin MonoManager ReloadAssembly
Registering precompiled unity dll's ...
Register platform support module: /Applications/Unity/Hub/Editor/2020.3.27f1/PlaybackEngines/WebGLSupport/UnityEditor.WebGL.Extensions.dll
Register platform support module: /Applications/Unity/Hub/Editor/2020.3.27f1/Unity.app/Contents/PlaybackEngines/MacStandaloneSupport/UnityEditor.OSXStandalone.Extensions.dll
Register platform support module: /Applications/Unity/Hub/Editor/2020.3.27f1/PlaybackEngines/WindowsStandaloneSupport/UnityEditor.WindowsStandalone.Extensions.dll
Registered in 0.046647 seconds.
Native extension for WindowsStandalone target not found
Native extension for OSXStandalone target not found
Native extension for WebGL target not found
Refreshing native plugins compatible for Editor in 283.72 ms, found 4 plugins.
Preloading 0 native plugins for Editor in 0.00 ms.
Mono: successfully reloaded assembly
- Completed reload, in  1.737 seconds
Domain Reload Profiling:
	ReloadAssembly (1737ms)
		BeginReloadAssembly (187ms)
			ExecutionOrderSort (0ms)
			DisableScriptedObjects (0ms)
			BackupInstance (0ms)
			ReleaseScriptingObjects (0ms)
			CreateAndSetChildDomain (1ms)
		EndReloadAssembly (1387ms)
			LoadAssemblies (208ms)
			RebuildTransferFunctionScriptingTraits (0ms)
			SetupTypeCache (303ms)
			ReleaseScriptCaches (0ms)
			RebuildScriptCaches (55ms)
			SetupLoadedEditorAssemblies (865ms)
				LogAssemblyErrors (0ms)
				InitializePlatformSupportModulesInManaged (13ms)
				SetLoadedEditorAssemblies (0ms)
				RefreshPlugins (284ms)
				BeforeProcessingInitializeOnLoad (208ms)
				ProcessInitializeOnLoadAttributes (301ms)
				ProcessInitializeOnLoadMethodAttributes (59ms)
				AfterProcessingInitializeOnLoad (0ms)
				EditorAssembliesLoaded (0ms)
			ExecutionOrderSort2 (0ms)
			AwakeInstancesAfterBackupRestoration (0ms)
Platform modules already initialized, skipping
Registering precompiled user dll's ...
Registered in 0.007159 seconds.
Begin MonoManager ReloadAssembly
Native extension for WindowsStandalone target not found
Native extension for OSXStandalone target not found
Native extension for WebGL target not found
Refreshing native plugins compatible for Editor in 149.98 ms, found 4 plugins.
Preloading 0 native plugins for Editor in 0.00 ms.
Mono: successfully reloaded assembly
- Completed reload, in  3.031 seconds
Domain Reload Profiling:
	ReloadAssembly (3033ms)
		BeginReloadAssembly (293ms)
			ExecutionOrderSort (0ms)
			DisableScriptedObjects (6ms)
			BackupInstance (0ms)
			ReleaseScriptingObjects (0ms)
			CreateAndSetChildDomain (36ms)
		EndReloadAssembly (2641ms)
			LoadAssemblies (257ms)
			RebuildTransferFunctionScriptingTraits (0ms)
			SetupTypeCache (684ms)
			ReleaseScriptCaches (1ms)
			RebuildScriptCaches (195ms)
			SetupLoadedEditorAssemblies (1370ms)
				LogAssemblyErrors (0ms)
				InitializePlatformSupportModulesInManaged (6ms)
				SetLoadedEditorAssemblies (0ms)
				RefreshPlugins (150ms)
				BeforeProcessingInitializeOnLoad (182ms)
				ProcessInitializeOnLoadAttributes (479ms)
				ProcessInitializeOnLoadMethodAttributes (550ms)
				AfterProcessingInitializeOnLoad (1ms)
				EditorAssembliesLoaded (0ms)
			ExecutionOrderSort2 (0ms)
			AwakeInstancesAfterBackupRestoration (8ms)
Platform modules already initialized, skipping
Validating Project structure ... 0.032634 seconds.
Shader import version has changed; will reimport all shaders...
Upgrading shader files ...0.041162 seconds.
Application.AssetDatabase Initial Script Refresh Start
RefreshInfo: InitialScriptRefreshV2(NoUpdateAssetOptions) scanfilter:  ... 1 filters
RefreshProfiler: Total: 0.000ms
Application.AssetDatabase Initial Script Refresh End
Application.AssetDatabase.Refresh Start
Application.AssetDatabase.Refresh End
RefreshInfo: StopAssetImportingV2(ForceSynchronousImport) scanfilter: 
RefreshProfiler: Total: 0.000ms
Launching external process: /Applications/Unity/Hub/Editor/2020.3.27f1/Unity.app/Contents/Tools/UnityShaderCompiler
Launched and connected shader compiler UnityShaderCompiler after 0.45 seconds
Initializing Unity extensions:
2022-06-20 15:46:40.357 Unity[4004:207803] NSEventModifierFlagFunction specified to -setKeyEquivalentModifierMask: for item <NSMenuItem: 0x600003347720 Quick Recording, ke='Command-F10'>, but is only supported for system-provided menu items; will not be used
2022-06-20 15:46:40.368 Unity[4004:207803] NSEventModifierFlagFunction specified to -setKeyEquivalentModifierMask: for item <NSMenuItem: 0x6000033b1dc0 Font Asset, ke='Command-F12'>, but is only supported for system-provided menu items; will not be used
2022-06-20 15:46:40.372 Unity[4004:207803] NSEventModifierFlagFunction specified to -setKeyEquivalentModifierMask: for item <NSMenuItem: 0x6000033a5c70 Quick Recording, ke='Command-F10'>, but is only supported for system-provided menu items; will not be used
2022-06-20 15:46:40.376 Unity[4004:207803] NSEventModifierFlagFunction specified to -setKeyEquivalentModifierMask: for item <NSMenuItem: 0x600003397170 Font Asset, ke='Command-F12'>, but is only supported for system-provided menu items; will not be used
========================================================================
Worker process is ready to serve import requests
Refreshing native plugins compatible for Editor in 1.28 ms, found 4 plugins.
Preloading 0 native plugins for Editor in 0.00 ms.
Unloading 5007 Unused Serialized files (Serialized files now loaded: 0)
System memory in use before: 433.8 MB.
System memory in use after: 433.6 MB.

Unloading 307 unused Assets to reduce memory usage. Loaded Objects now: 5486.
Total: 7.279043 ms (FindLiveObjects: 0.556480 ms CreateObjectMapping: 0.399590 ms MarkObjects: 5.581295 ms  DeleteObjects: 0.740102 ms)

AssetImportParameters requested are different than current active one (requested -> active):
  custom:video-decoder-ogg-theora: a1e56fd34408186e4bbccfd4996cb3dc -> 
  custom:container-muxer-webm: aa71ff27fc2769a1b78a27578f13a17b -> 
  custom:container-demuxer-webm: 4f35f7cbe854078d1ac9338744f61a02 -> 
  custom:container-demuxer-ogg: 62fdf1f143b41e24485cea50d1cbac27 -> 
  custom:video-encoder-webm-vp8: eb34c28f22e8b96e1ab97ce403110664 -> 
  custom:framework-osx-AVFoundation: e770b220cccbd017edd2c1fefb359320 -> 
  custom:video-decoder-webm-vp8: 9c59270c3fd7afecdb556c50c9e8de78 -> 
  custom:audio-decoder-ogg-vorbis: bf7c407c2cedff20999df2af8eb42d56 -> 
  custom:audio-encoder-webm-vorbis: bf7c407c2cedff20999df2af8eb42d56 -> 
========================================================================
Received Import Request.
  path: Assets/Cenas/02_CutScene_CineMachine.unity
  artifactKey: Guid(738b8185e61ae47c3b28da1227bf331a) Importer(815301076,1909f56bfc062723c751e8b465ee728b)
Start importing Assets/Cenas/02_CutScene_CineMachine.unity using Guid(738b8185e61ae47c3b28da1227bf331a) Importer(815301076,1909f56bfc062723c751e8b465ee728b)  -> (artifact id: 'd99d8d087d4b9b9c78df3aa298837013') in 0.029116 seconds 
  Import took 0.048263 seconds .

========================================================================
Received Prepare
Registering precompiled user dll's ...
Registered in 0.008251 seconds.
Begin MonoManager ReloadAssembly
Native extension for WindowsStandalone target not found
Native extension for OSXStandalone target not found
Native extension for WebGL target not found
Refreshing native plugins compatible for Editor in 1.84 ms, found 4 plugins.
Preloading 0 native plugins for Editor in 0.00 ms.
2022-06-20 15:51:39.718 Unity[4004:207803] NSEventModifierFlagFunction specified to -setKeyEquivalentModifierMask: for item <NSMenuItem: 0x600003376290 Quick Recording, ke='Command-F10'>, but is only supported for system-provided menu items; will not be used
2022-06-20 15:51:39.728 Unity[4004:207803] NSEventModifierFlagFunction specified to -setKeyEquivalentModifierMask: for item <NSMenuItem: 0x600003317720 Font Asset, ke='Command-F12'>, but is only supported for system-provided menu items; will not be used
Mono: successfully reloaded assembly
- Completed reload, in  3.555 seconds
Domain Reload Profiling:
	ReloadAssembly (3559ms)
		BeginReloadAssembly (786ms)
			ExecutionOrderSort (0ms)
			DisableScriptedObjects (18ms)
			BackupInstance (0ms)
			ReleaseScriptingObjects (1ms)
			CreateAndSetChildDomain (212ms)
		EndReloadAssembly (2667ms)
			LoadAssemblies (636ms)
			RebuildTransferFunctionScriptingTraits (0ms)
			SetupTypeCache (899ms)
			ReleaseScriptCaches (3ms)
			RebuildScriptCaches (169ms)
			SetupLoadedEditorAssemblies (973ms)
				LogAssemblyErrors (0ms)
				InitializePlatformSupportModulesInManaged (13ms)
				SetLoadedEditorAssemblies (1ms)
				RefreshPlugins (2ms)
				BeforeProcessingInitializeOnLoad (371ms)
				ProcessInitializeOnLoadAttributes (548ms)
				ProcessInitializeOnLoadMethodAttributes (35ms)
				AfterProcessingInitializeOnLoad (1ms)
				EditorAssembliesLoaded (0ms)
			ExecutionOrderSort2 (0ms)
			AwakeInstancesAfterBackupRestoration (36ms)
Platform modules already initialized, skipping
Refreshing native plugins compatible for Editor in 1.26 ms, found 4 plugins.
Preloading 0 native plugins for Editor in 0.00 ms.
Unloading 4600 Unused Serialized files (Serialized files now loaded: 0)
System memory in use before: 406.9 MB.
System memory in use after: 407.3 MB.

Unloading 28 unused Assets to reduce memory usage. Loaded Objects now: 5489.
Total: 5.774545 ms (FindLiveObjects: 0.710971 ms CreateObjectMapping: 0.427466 ms MarkObjects: 4.378140 ms  DeleteObjects: 0.256743 ms)

AssetImportParameters requested are different than current active one (requested -> active):
  custom:video-decoder-ogg-theora: a1e56fd34408186e4bbccfd4996cb3dc -> 
  custom:container-muxer-webm: aa71ff27fc2769a1b78a27578f13a17b -> 
  custom:container-demuxer-webm: 4f35f7cbe854078d1ac9338744f61a02 -> 
  custom:container-demuxer-ogg: 62fdf1f143b41e24485cea50d1cbac27 -> 
  custom:video-encoder-webm-vp8: eb34c28f22e8b96e1ab97ce403110664 -> 
  custom:framework-osx-AVFoundation: e770b220cccbd017edd2c1fefb359320 -> 
  custom:video-decoder-webm-vp8: 9c59270c3fd7afecdb556c50c9e8de78 -> 
  custom:audio-decoder-ogg-vorbis: bf7c407c2cedff20999df2af8eb42d56 -> 
  custom:audio-encoder-webm-vorbis: bf7c407c2cedff20999df2af8eb42d56 -> 
========================================================================
Received Prepare
Registering precompiled user dll's ...
Registered in 0.015593 seconds.
Begin MonoManager ReloadAssembly
Native extension for WindowsStandalone target not found
Native extension for OSXStandalone target not found
Native extension for WebGL target not found
Refreshing native plugins compatible for Editor in 1.91 ms, found 4 plugins.
Preloading 0 native plugins for Editor in 0.00 ms.
2022-06-20 15:52:19.462 Unity[4004:207803] NSEventModifierFlagFunction specified to -setKeyEquivalentModifierMask: for item <NSMenuItem: 0x600003341dc0 Quick Recording, ke='Command-F10'>, but is only supported for system-provided menu items; will not be used
2022-06-20 15:52:19.470 Unity[4004:207803] NSEventModifierFlagFunction specified to -setKeyEquivalentModifierMask: for item <NSMenuItem: 0x600003367a30 Font Asset, ke='Command-F12'>, but is only supported for system-provided menu items; will not be used
Mono: successfully reloaded assembly
- Completed reload, in  4.384 seconds
Domain Reload Profiling:
	ReloadAssembly (4385ms)
		BeginReloadAssembly (285ms)
			ExecutionOrderSort (0ms)
			DisableScriptedObjects (8ms)
			BackupInstance (0ms)
			ReleaseScriptingObjects (0ms)
			CreateAndSetChildDomain (121ms)
		EndReloadAssembly (4011ms)
			LoadAssemblies (256ms)
			RebuildTransferFunctionScriptingTraits (0ms)
			SetupTypeCache (798ms)
			ReleaseScriptCaches (3ms)
			RebuildScriptCaches (273ms)
			SetupLoadedEditorAssemblies (1700ms)
				LogAssemblyErrors (0ms)
				InitializePlatformSupportModulesInManaged (13ms)
				SetLoadedEditorAssemblies (1ms)
				RefreshPlugins (2ms)
				BeforeProcessingInitializeOnLoad (955ms)
				ProcessInitializeOnLoadAttributes (705ms)
				ProcessInitializeOnLoadMethodAttributes (23ms)
				AfterProcessingInitializeOnLoad (1ms)
				EditorAssembliesLoaded (0ms)
			ExecutionOrderSort2 (0ms)
			AwakeInstancesAfterBackupRestoration (43ms)
Platform modules already initialized, skipping
Refreshing native plugins compatible for Editor in 2.95 ms, found 4 plugins.
Preloading 0 native plugins for Editor in 0.00 ms.
Unloading 4600 Unused Serialized files (Serialized files now loaded: 0)
System memory in use before: 407.1 MB.
System memory in use after: 407.4 MB.

Unloading 27 unused Assets to reduce memory usage. Loaded Objects now: 5491.
Total: 9.462605 ms (FindLiveObjects: 1.268154 ms CreateObjectMapping: 0.482546 ms MarkObjects: 7.570626 ms  DeleteObjects: 0.139945 ms)

AssetImportParameters requested are different than current active one (requested -> active):
  custom:video-decoder-ogg-theora: a1e56fd34408186e4bbccfd4996cb3dc -> 
  custom:container-muxer-webm: aa71ff27fc2769a1b78a27578f13a17b -> 
  custom:container-demuxer-webm: 4f35f7cbe854078d1ac9338744f61a02 -> 
  custom:container-demuxer-ogg: 62fdf1f143b41e24485cea50d1cbac27 -> 
  custom:video-encoder-webm-vp8: eb34c28f22e8b96e1ab97ce403110664 -> 
  custom:framework-osx-AVFoundation: e770b220cccbd017edd2c1fefb359320 -> 
  custom:video-decoder-webm-vp8: 9c59270c3fd7afecdb556c50c9e8de78 -> 
  custom:audio-decoder-ogg-vorbis: bf7c407c2cedff20999df2af8eb42d56 -> 
  custom:audio-encoder-webm-vorbis: bf7c407c2cedff20999df2af8eb42d56 -> 
========================================================================
Received Prepare
Registering precompiled user dll's ...
Registered in 0.009391 seconds.
Begin MonoManager ReloadAssembly
Native extension for WindowsStandalone target not found
Native extension for OSXStandalone target not found
Native extension for WebGL target not found
Refreshing native plugins compatible for Editor in 2.47 ms, found 4 plugins.
Preloading 0 native plugins for Editor in 0.00 ms.
2022-06-20 15:52:36.699 Unity[4004:207803] NSEventModifierFlagFunction specified to -setKeyEquivalentModifierMask: for item <NSMenuItem: 0x60000334e370 Quick Recording, ke='Command-F10'>, but is only supported for system-provided menu items; will not be used
2022-06-20 15:52:36.706 Unity[4004:207803] NSEventModifierFlagFunction specified to -setKeyEquivalentModifierMask: for item <NSMenuItem: 0x6000033a2d80 Font Asset, ke='Command-F12'>, but is only supported for system-provided menu items; will not be used
Mono: successfully reloaded assembly
- Completed reload, in  4.379 seconds
Domain Reload Profiling:
	ReloadAssembly (4380ms)
		BeginReloadAssembly (238ms)
			ExecutionOrderSort (0ms)
			DisableScriptedObjects (10ms)
			BackupInstance (0ms)
			ReleaseScriptingObjects (0ms)
			CreateAndSetChildDomain (103ms)
		EndReloadAssembly (4026ms)
			LoadAssemblies (190ms)
			RebuildTransferFunctionScriptingTraits (0ms)
			SetupTypeCache (1217ms)
			ReleaseScriptCaches (3ms)
			RebuildScriptCaches (293ms)
			SetupLoadedEditorAssemblies (1511ms)
				LogAssemblyErrors (0ms)
				InitializePlatformSupportModulesInManaged (16ms)
				SetLoadedEditorAssemblies (1ms)
				RefreshPlugins (3ms)
				BeforeProcessingInitializeOnLoad (593ms)
				ProcessInitializeOnLoadAttributes (871ms)
				ProcessInitializeOnLoadMethodAttributes (23ms)
				AfterProcessingInitializeOnLoad (4ms)
				EditorAssembliesLoaded (1ms)
			ExecutionOrderSort2 (0ms)
			AwakeInstancesAfterBackupRestoration (36ms)
Platform modules already initialized, skipping
Refreshing native plugins compatible for Editor in 1.73 ms, found 4 plugins.
Preloading 0 native plugins for Editor in 0.00 ms.
Unloading 4600 Unused Serialized files (Serialized files now loaded: 0)
System memory in use before: 407.3 MB.
System memory in use after: 407.7 MB.

Unloading 27 unused Assets to reduce memory usage. Loaded Objects now: 5493.
Total: 7.804845 ms (FindLiveObjects: 0.757701 ms CreateObjectMapping: 0.520432 ms MarkObjects: 6.381636 ms  DeleteObjects: 0.143442 ms)

AssetImportParameters requested are different than current active one (requested -> active):
  custom:video-decoder-ogg-theora: a1e56fd34408186e4bbccfd4996cb3dc -> 
  custom:container-muxer-webm: aa71ff27fc2769a1b78a27578f13a17b -> 
  custom:container-demuxer-webm: 4f35f7cbe854078d1ac9338744f61a02 -> 
  custom:container-demuxer-ogg: 62fdf1f143b41e24485cea50d1cbac27 -> 
  custom:video-encoder-webm-vp8: eb34c28f22e8b96e1ab97ce403110664 -> 
  custom:framework-osx-AVFoundation: e770b220cccbd017edd2c1fefb359320 -> 
  custom:video-decoder-webm-vp8: 9c59270c3fd7afecdb556c50c9e8de78 -> 
  custom:audio-decoder-ogg-vorbis: bf7c407c2cedff20999df2af8eb42d56 -> 
  custom:audio-encoder-webm-vorbis: bf7c407c2cedff20999df2af8eb42d56 -> 
========================================================================
Received Prepare
Registering precompiled user dll's ...
Registered in 0.006659 seconds.
Begin MonoManager ReloadAssembly
Native extension for WindowsStandalone target not found
Native extension for OSXStandalone target not found
Native extension for WebGL target not found
Refreshing native plugins compatible for Editor in 4.35 ms, found 4 plugins.
Preloading 0 native plugins for Editor in 0.00 ms.
2022-06-20 15:53:55.117 Unity[4004:207803] NSEventModifierFlagFunction specified to -setKeyEquivalentModifierMask: for item <NSMenuItem: 0x600003360b60 Quick Recording, ke='Command-F10'>, but is only supported for system-provided menu items; will not be used
2022-06-20 15:53:55.122 Unity[4004:207803] NSEventModifierFlagFunction specified to -setKeyEquivalentModifierMask: for item <NSMenuItem: 0x60000335d5e0 Font Asset, ke='Command-F12'>, but is only supported for system-provided menu items; will not be used
Mono: successfully reloaded assembly
- Completed reload, in  3.247 seconds
Domain Reload Profiling:
	ReloadAssembly (3248ms)
		BeginReloadAssembly (268ms)
			ExecutionOrderSort (0ms)
			DisableScriptedObjects (13ms)
			BackupInstance (0ms)
			ReleaseScriptingObjects (0ms)
			CreateAndSetChildDomain (128ms)
		EndReloadAssembly (2803ms)
			LoadAssemblies (161ms)
			RebuildTransferFunctionScriptingTraits (0ms)
			SetupTypeCache (902ms)
			ReleaseScriptCaches (3ms)
			RebuildScriptCaches (210ms)
			SetupLoadedEditorAssemblies (1006ms)
				LogAssemblyErrors (0ms)
				InitializePlatformSupportModulesInManaged (14ms)
				SetLoadedEditorAssemblies (2ms)
				RefreshPlugins (4ms)
				BeforeProcessingInitializeOnLoad (334ms)
				ProcessInitializeOnLoadAttributes (610ms)
				ProcessInitializeOnLoadMethodAttributes (40ms)
				AfterProcessingInitializeOnLoad (2ms)
				EditorAssembliesLoaded (0ms)
			ExecutionOrderSort2 (0ms)
			AwakeInstancesAfterBackupRestoration (97ms)
Platform modules already initialized, skipping
Refreshing native plugins compatible for Editor in 1.83 ms, found 4 plugins.
Preloading 0 native plugins for Editor in 0.00 ms.
Unloading 4600 Unused Serialized files (Serialized files now loaded: 0)
System memory in use before: 407.6 MB.
System memory in use after: 408.0 MB.

Unloading 27 unused Assets to reduce memory usage. Loaded Objects now: 5495.
Total: 10.022083 ms (FindLiveObjects: 2.119020 ms CreateObjectMapping: 1.269790 ms MarkObjects: 6.475606 ms  DeleteObjects: 0.156141 ms)

AssetImportParameters requested are different than current active one (requested -> active):
  custom:video-decoder-ogg-theora: a1e56fd34408186e4bbccfd4996cb3dc -> 
  custom:container-muxer-webm: aa71ff27fc2769a1b78a27578f13a17b -> 
  custom:container-demuxer-webm: 4f35f7cbe854078d1ac9338744f61a02 -> 
  custom:container-demuxer-ogg: 62fdf1f143b41e24485cea50d1cbac27 -> 
  custom:video-encoder-webm-vp8: eb34c28f22e8b96e1ab97ce403110664 -> 
  custom:framework-osx-AVFoundation: e770b220cccbd017edd2c1fefb359320 -> 
  custom:video-decoder-webm-vp8: 9c59270c3fd7afecdb556c50c9e8de78 -> 
  custom:audio-decoder-ogg-vorbis: bf7c407c2cedff20999df2af8eb42d56 -> 
  custom:audio-encoder-webm-vorbis: bf7c407c2cedff20999df2af8eb42d56 -> 
========================================================================
Received Prepare
Registering precompiled user dll's ...
Registered in 0.016610 seconds.
Begin MonoManager ReloadAssembly
Native extension for WindowsStandalone target not found
Native extension for OSXStandalone target not found
Native extension for WebGL target not found
Refreshing native plugins compatible for Editor in 2.24 ms, found 4 plugins.
Preloading 0 native plugins for Editor in 0.00 ms.
2022-06-20 15:55:06.209 Unity[4004:207803] NSEventModifierFlagFunction specified to -setKeyEquivalentModifierMask: for item <NSMenuItem: 0x60000334a610 Quick Recording, ke='Command-F10'>, but is only supported for system-provided menu items; will not be used
2022-06-20 15:55:06.214 Unity[4004:207803] NSEventModifierFlagFunction specified to -setKeyEquivalentModifierMask: for item <NSMenuItem: 0x60000335e610 Font Asset, ke='Command-F12'>, but is only supported for system-provided menu items; will not be used
Mono: successfully reloaded assembly
- Completed reload, in  3.894 seconds
Domain Reload Profiling:
	ReloadAssembly (3898ms)
		BeginReloadAssembly (773ms)
			ExecutionOrderSort (0ms)
			DisableScriptedObjects (17ms)
			BackupInstance (0ms)
			ReleaseScriptingObjects (1ms)
			CreateAndSetChildDomain (200ms)
		EndReloadAssembly (2959ms)
			LoadAssemblies (782ms)
			RebuildTransferFunctionScriptingTraits (0ms)
			SetupTypeCache (1015ms)
			ReleaseScriptCaches (4ms)
			RebuildScriptCaches (239ms)
			SetupLoadedEditorAssemblies (821ms)
				LogAssemblyErrors (0ms)
				InitializePlatformSupportModulesInManaged (10ms)
				SetLoadedEditorAssemblies (1ms)
				RefreshPlugins (2ms)
				BeforeProcessingInitializeOnLoad (298ms)
				ProcessInitializeOnLoadAttributes (492ms)
				ProcessInitializeOnLoadMethodAttributes (16ms)
				AfterProcessingInitializeOnLoad (2ms)
				EditorAssembliesLoaded (0ms)
			ExecutionOrderSort2 (0ms)
			AwakeInstancesAfterBackupRestoration (38ms)
Platform modules already initialized, skipping
Refreshing native plugins compatible for Editor in 1.98 ms, found 4 plugins.
Preloading 0 native plugins for Editor in 0.00 ms.
Unloading 4600 Unused Serialized files (Serialized files now loaded: 0)
System memory in use before: 407.7 MB.
System memory in use after: 408.0 MB.

Unloading 27 unused Assets to reduce memory usage. Loaded Objects now: 5497.
Total: 4.908067 ms (FindLiveObjects: 0.422402 ms CreateObjectMapping: 0.340841 ms MarkObjects: 4.024062 ms  DeleteObjects: 0.119847 ms)

AssetImportParameters requested are different than current active one (requested -> active):
  custom:video-decoder-ogg-theora: a1e56fd34408186e4bbccfd4996cb3dc -> 
  custom:container-muxer-webm: aa71ff27fc2769a1b78a27578f13a17b -> 
  custom:container-demuxer-webm: 4f35f7cbe854078d1ac9338744f61a02 -> 
  custom:container-demuxer-ogg: 62fdf1f143b41e24485cea50d1cbac27 -> 
  custom:video-encoder-webm-vp8: eb34c28f22e8b96e1ab97ce403110664 -> 
  custom:framework-osx-AVFoundation: e770b220cccbd017edd2c1fefb359320 -> 
  custom:video-decoder-webm-vp8: 9c59270c3fd7afecdb556c50c9e8de78 -> 
  custom:audio-decoder-ogg-vorbis: bf7c407c2cedff20999df2af8eb42d56 -> 
  custom:audio-encoder-webm-vorbis: bf7c407c2cedff20999df2af8eb42d56 -> 
========================================================================
Received Prepare
Registering precompiled user dll's ...
Registered in 0.011373 seconds.
Begin MonoManager ReloadAssembly
Native extension for WindowsStandalone target not found
Native extension for OSXStandalone target not found
Native extension for WebGL target not found
Refreshing native plugins compatible for Editor in 2.16 ms, found 4 plugins.
Preloading 0 native plugins for Editor in 0.00 ms.
2022-06-20 15:56:24.213 Unity[4004:207803] NSEventModifierFlagFunction specified to -setKeyEquivalentModifierMask: for item <NSMenuItem: 0x60000336b640 Quick Recording, ke='Command-F10'>, but is only supported for system-provided menu items; will not be used
2022-06-20 15:56:24.220 Unity[4004:207803] NSEventModifierFlagFunction specified to -setKeyEquivalentModifierMask: for item <NSMenuItem: 0x6000033642a0 Font Asset, ke='Command-F12'>, but is only supported for system-provided menu items; will not be used
Mono: successfully reloaded assembly
- Completed reload, in  4.069 seconds
Domain Reload Profiling:
	ReloadAssembly (4069ms)
		BeginReloadAssembly (197ms)
			ExecutionOrderSort (0ms)
			DisableScriptedObjects (11ms)
			BackupInstance (0ms)
			ReleaseScriptingObjects (0ms)
			CreateAndSetChildDomain (96ms)
		EndReloadAssembly (3674ms)
			LoadAssemblies (162ms)
			RebuildTransferFunctionScriptingTraits (0ms)
			SetupTypeCache (1471ms)
			ReleaseScriptCaches (5ms)
			RebuildScriptCaches (329ms)
			SetupLoadedEditorAssemblies (1069ms)
				LogAssemblyErrors (0ms)
				InitializePlatformSupportModulesInManaged (9ms)
				SetLoadedEditorAssemblies (1ms)
				RefreshPlugins (2ms)
				BeforeProcessingInitializeOnLoad (392ms)
				ProcessInitializeOnLoadAttributes (642ms)
				ProcessInitializeOnLoadMethodAttributes (19ms)
				AfterProcessingInitializeOnLoad (3ms)
				EditorAssembliesLoaded (0ms)
			ExecutionOrderSort2 (0ms)
			AwakeInstancesAfterBackupRestoration (38ms)
Platform modules already initialized, skipping
Refreshing native plugins compatible for Editor in 2.49 ms, found 4 plugins.
Preloading 0 native plugins for Editor in 0.00 ms.
Unloading 4600 Unused Serialized files (Serialized files now loaded: 0)
System memory in use before: 408.1 MB.
System memory in use after: 408.5 MB.

Unloading 27 unused Assets to reduce memory usage. Loaded Objects now: 5499.
Total: 8.151871 ms (FindLiveObjects: 0.721532 ms CreateObjectMapping: 0.428596 ms MarkObjects: 6.840243 ms  DeleteObjects: 0.160039 ms)

AssetImportParameters requested are different than current active one (requested -> active):
  custom:video-decoder-ogg-theora: a1e56fd34408186e4bbccfd4996cb3dc -> 
  custom:container-muxer-webm: aa71ff27fc2769a1b78a27578f13a17b -> 
  custom:container-demuxer-webm: 4f35f7cbe854078d1ac9338744f61a02 -> 
  custom:container-demuxer-ogg: 62fdf1f143b41e24485cea50d1cbac27 -> 
  custom:video-encoder-webm-vp8: eb34c28f22e8b96e1ab97ce403110664 -> 
  custom:framework-osx-AVFoundation: e770b220cccbd017edd2c1fefb359320 -> 
  custom:video-decoder-webm-vp8: 9c59270c3fd7afecdb556c50c9e8de78 -> 
  custom:audio-decoder-ogg-vorbis: bf7c407c2cedff20999df2af8eb42d56 -> 
  custom:audio-encoder-webm-vorbis: bf7c407c2cedff20999df2af8eb42d56 -> 
========================================================================
Received Prepare
Registering precompiled user dll's ...
Registered in 0.004878 seconds.
Begin MonoManager ReloadAssembly
Native extension for WindowsStandalone target not found
Native extension for OSXStandalone target not found
Native extension for WebGL target not found
Refreshing native plugins compatible for Editor in 2.36 ms, found 4 plugins.
Preloading 0 native plugins for Editor in 0.00 ms.
2022-06-20 15:56:32.507 Unity[4004:207803] NSEventModifierFlagFunction specified to -setKeyEquivalentModifierMask: for item <NSMenuItem: 0x600003356e60 Quick Recording, ke='Command-F10'>, but is only supported for system-provided menu items; will not be used
2022-06-20 15:56:32.512 Unity[4004:207803] NSEventModifierFlagFunction specified to -setKeyEquivalentModifierMask: for item <NSMenuItem: 0x60000337b790 Font Asset, ke='Command-F12'>, but is only supported for system-provided menu items; will not be used
Mono: successfully reloaded assembly
- Completed reload, in  3.763 seconds
Domain Reload Profiling:
	ReloadAssembly (3764ms)
		BeginReloadAssembly (267ms)
			ExecutionOrderSort (0ms)
			DisableScriptedObjects (9ms)
			BackupInstance (0ms)
			ReleaseScriptingObjects (0ms)
			CreateAndSetChildDomain (110ms)
		EndReloadAssembly (3224ms)
			LoadAssemblies (231ms)
			RebuildTransferFunctionScriptingTraits (0ms)
			SetupTypeCache (1615ms)
			ReleaseScriptCaches (5ms)
			RebuildScriptCaches (172ms)
			SetupLoadedEditorAssemblies (774ms)
				LogAssemblyErrors (0ms)
				InitializePlatformSupportModulesInManaged (11ms)
				SetLoadedEditorAssemblies (2ms)
				RefreshPlugins (2ms)
				BeforeProcessingInitializeOnLoad (257ms)
				ProcessInitializeOnLoadAttributes (485ms)
				ProcessInitializeOnLoadMethodAttributes (16ms)
				AfterProcessingInitializeOnLoad (1ms)
				EditorAssembliesLoaded (0ms)
			ExecutionOrderSort2 (0ms)
			AwakeInstancesAfterBackupRestoration (33ms)
Platform modules already initialized, skipping
Refreshing native plugins compatible for Editor in 1.81 ms, found 4 plugins.
Preloading 0 native plugins for Editor in 0.00 ms.
Unloading 4600 Unused Serialized files (Serialized files now loaded: 0)
System memory in use before: 408.3 MB.
System memory in use after: 408.7 MB.

Unloading 27 unused Assets to reduce memory usage. Loaded Objects now: 5501.
Total: 6.724801 ms (FindLiveObjects: 0.698148 ms CreateObjectMapping: 0.431759 ms MarkObjects: 5.449208 ms  DeleteObjects: 0.144090 ms)

AssetImportParameters requested are different than current active one (requested -> active):
  custom:video-decoder-ogg-theora: a1e56fd34408186e4bbccfd4996cb3dc -> 
  custom:container-muxer-webm: aa71ff27fc2769a1b78a27578f13a17b -> 
  custom:container-demuxer-webm: 4f35f7cbe854078d1ac9338744f61a02 -> 
  custom:container-demuxer-ogg: 62fdf1f143b41e24485cea50d1cbac27 -> 
  custom:video-encoder-webm-vp8: eb34c28f22e8b96e1ab97ce403110664 -> 
  custom:framework-osx-AVFoundation: e770b220cccbd017edd2c1fefb359320 -> 
  custom:video-decoder-webm-vp8: 9c59270c3fd7afecdb556c50c9e8de78 -> 
  custom:audio-decoder-ogg-vorbis: bf7c407c2cedff20999df2af8eb42d56 -> 
  custom:audio-encoder-webm-vorbis: bf7c407c2cedff20999df2af8eb42d56 -> 
========================================================================
Received Prepare
Registering precompiled user dll's ...
Registered in 0.044092 seconds.
Begin MonoManager ReloadAssembly
Native extension for WindowsStandalone target not found
Native extension for OSXStandalone target not found
Native extension for WebGL target not found
Refreshing native plugins compatible for Editor in 1.29 ms, found 4 plugins.
Preloading 0 native plugins for Editor in 0.00 ms.
2022-06-20 16:01:08.007 Unity[4004:207803] NSEventModifierFlagFunction specified to -setKeyEquivalentModifierMask: for item <NSMenuItem: 0x600003357720 Quick Recording, ke='Command-F10'>, but is only supported for system-provided menu items; will not be used
2022-06-20 16:01:08.017 Unity[4004:207803] NSEventModifierFlagFunction specified to -setKeyEquivalentModifierMask: for item <NSMenuItem: 0x600003377410 Font Asset, ke='Command-F12'>, but is only supported for system-provided menu items; will not be used
Mono: successfully reloaded assembly
- Completed reload, in  2.562 seconds
Domain Reload Profiling:
	ReloadAssembly (2565ms)
		BeginReloadAssembly (329ms)
			ExecutionOrderSort (0ms)
			DisableScriptedObjects (9ms)
			BackupInstance (0ms)
			ReleaseScriptingObjects (0ms)
			CreateAndSetChildDomain (132ms)
		EndReloadAssembly (2152ms)
			LoadAssemblies (222ms)
			RebuildTransferFunctionScriptingTraits (0ms)
			SetupTypeCache (729ms)
			ReleaseScriptCaches (3ms)
			RebuildScriptCaches (126ms)
			SetupLoadedEditorAssemblies (772ms)
				LogAssemblyErrors (0ms)
				InitializePlatformSupportModulesInManaged (6ms)
				SetLoadedEditorAssemblies (1ms)
				RefreshPlugins (1ms)
				BeforeProcessingInitializeOnLoad (265ms)
				ProcessInitializeOnLoadAttributes (484ms)
				ProcessInitializeOnLoadMethodAttributes (15ms)
				AfterProcessingInitializeOnLoad (1ms)
				EditorAssembliesLoaded (0ms)
			ExecutionOrderSort2 (0ms)
			AwakeInstancesAfterBackupRestoration (37ms)
Platform modules already initialized, skipping
Refreshing native plugins compatible for Editor in 1.16 ms, found 4 plugins.
Preloading 0 native plugins for Editor in 0.00 ms.
Unloading 4600 Unused Serialized files (Serialized files now loaded: 0)
System memory in use before: 408.6 MB.
System memory in use after: 409.0 MB.

Unloading 27 unused Assets to reduce memory usage. Loaded Objects now: 5503.
Total: 6.352731 ms (FindLiveObjects: 0.517065 ms CreateObjectMapping: 0.377808 ms MarkObjects: 5.342956 ms  DeleteObjects: 0.113592 ms)

AssetImportParameters requested are different than current active one (requested -> active):
  custom:video-decoder-ogg-theora: a1e56fd34408186e4bbccfd4996cb3dc -> 
  custom:container-muxer-webm: aa71ff27fc2769a1b78a27578f13a17b -> 
  custom:container-demuxer-webm: 4f35f7cbe854078d1ac9338744f61a02 -> 
  custom:container-demuxer-ogg: 62fdf1f143b41e24485cea50d1cbac27 -> 
  custom:video-encoder-webm-vp8: eb34c28f22e8b96e1ab97ce403110664 -> 
  custom:framework-osx-AVFoundation: e770b220cccbd017edd2c1fefb359320 -> 
  custom:video-decoder-webm-vp8: 9c59270c3fd7afecdb556c50c9e8de78 -> 
  custom:audio-decoder-ogg-vorbis: bf7c407c2cedff20999df2af8eb42d56 -> 
  custom:audio-encoder-webm-vorbis: bf7c407c2cedff20999df2af8eb42d56 -> 
========================================================================
Received Prepare
Refreshing native plugins compatible for Editor in 17.52 ms, found 4 plugins.
Preloading 0 native plugins for Editor in 0.00 ms.
Unloading 24 Unused Serialized files (Serialized files now loaded: 0)
System memory in use before: 316.2 MB.
System memory in use after: 316.6 MB.

Unloading 24 unused Assets to reduce memory usage. Loaded Objects now: 5503.
Total: 7.905201 ms (FindLiveObjects: 0.689120 ms CreateObjectMapping: 0.540210 ms MarkObjects: 6.517267 ms  DeleteObjects: 0.157400 ms)

AssetImportParameters requested are different than current active one (requested -> active):
  custom:video-decoder-ogg-theora: a1e56fd34408186e4bbccfd4996cb3dc -> 
  custom:container-muxer-webm: aa71ff27fc2769a1b78a27578f13a17b -> 
  custom:container-demuxer-webm: 4f35f7cbe854078d1ac9338744f61a02 -> 
  custom:container-demuxer-ogg: 62fdf1f143b41e24485cea50d1cbac27 -> 
  custom:video-encoder-webm-vp8: eb34c28f22e8b96e1ab97ce403110664 -> 
  custom:framework-osx-AVFoundation: e770b220cccbd017edd2c1fefb359320 -> 
  custom:video-decoder-webm-vp8: 9c59270c3fd7afecdb556c50c9e8de78 -> 
  custom:audio-decoder-ogg-vorbis: bf7c407c2cedff20999df2af8eb42d56 -> 
  custom:audio-encoder-webm-vorbis: bf7c407c2cedff20999df2af8eb42d56 -> 
========================================================================
Received Prepare
Refreshing native plugins compatible for Editor in 12.96 ms, found 4 plugins.
Preloading 0 native plugins for Editor in 0.00 ms.
Unloading 24 Unused Serialized files (Serialized files now loaded: 0)
System memory in use before: 316.2 MB.
System memory in use after: 316.6 MB.

Unloading 24 unused Assets to reduce memory usage. Loaded Objects now: 5503.
Total: 30.088734 ms (FindLiveObjects: 1.443343 ms CreateObjectMapping: 0.462248 ms MarkObjects: 27.926588 ms  DeleteObjects: 0.255080 ms)

AssetImportParameters requested are different than current active one (requested -> active):
  custom:video-decoder-ogg-theora: a1e56fd34408186e4bbccfd4996cb3dc -> 
  custom:container-muxer-webm: aa71ff27fc2769a1b78a27578f13a17b -> 
  custom:container-demuxer-webm: 4f35f7cbe854078d1ac9338744f61a02 -> 
  custom:container-demuxer-ogg: 62fdf1f143b41e24485cea50d1cbac27 -> 
  custom:video-encoder-webm-vp8: eb34c28f22e8b96e1ab97ce403110664 -> 
  custom:framework-osx-AVFoundation: e770b220cccbd017edd2c1fefb359320 -> 
  custom:video-decoder-webm-vp8: 9c59270c3fd7afecdb556c50c9e8de78 -> 
  custom:audio-decoder-ogg-vorbis: bf7c407c2cedff20999df2af8eb42d56 -> 
  custom:audio-encoder-webm-vorbis: bf7c407c2cedff20999df2af8eb42d56 -> 
========================================================================
Received Prepare
Refreshing native plugins compatible for Editor in 35.28 ms, found 4 plugins.
Preloading 0 native plugins for Editor in 0.00 ms.
Unloading 24 Unused Serialized files (Serialized files now loaded: 0)
System memory in use before: 316.2 MB.
System memory in use after: 316.6 MB.

Unloading 24 unused Assets to reduce memory usage. Loaded Objects now: 5503.
Total: 6.033381 ms (FindLiveObjects: 0.517334 ms CreateObjectMapping: 0.434672 ms MarkObjects: 4.895962 ms  DeleteObjects: 0.183964 ms)

AssetImportParameters requested are different than current active one (requested -> active):
  custom:video-decoder-ogg-theora: a1e56fd34408186e4bbccfd4996cb3dc -> 
  custom:container-muxer-webm: aa71ff27fc2769a1b78a27578f13a17b -> 
  custom:container-demuxer-webm: 4f35f7cbe854078d1ac9338744f61a02 -> 
  custom:container-demuxer-ogg: 62fdf1f143b41e24485cea50d1cbac27 -> 
  custom:video-encoder-webm-vp8: eb34c28f22e8b96e1ab97ce403110664 -> 
  custom:framework-osx-AVFoundation: e770b220cccbd017edd2c1fefb359320 -> 
  custom:video-decoder-webm-vp8: 9c59270c3fd7afecdb556c50c9e8de78 -> 
  custom:audio-decoder-ogg-vorbis: bf7c407c2cedff20999df2af8eb42d56 -> 
  custom:audio-encoder-webm-vorbis: bf7c407c2cedff20999df2af8eb42d56 -> 
========================================================================
Received Import Request.
  Time since last request: 2254.284915 seconds.
  path: Assets/Cenas/03_Gameplay.unity
  artifactKey: Guid(de3e97b77cca6403d9365add61c562db) Importer(815301076,1909f56bfc062723c751e8b465ee728b)
Start importing Assets/Cenas/03_Gameplay.unity using Guid(de3e97b77cca6403d9365add61c562db) Importer(815301076,1909f56bfc062723c751e8b465ee728b)  -> (artifact id: '24a3ccfa8b9b5759817d674e7998527c') in 0.130763 seconds 
  Import took 0.176117 seconds .

========================================================================
Received Prepare
Registering precompiled user dll's ...
Registered in 0.008077 seconds.
Begin MonoManager ReloadAssembly
Native extension for WindowsStandalone target not found
Native extension for OSXStandalone target not found
Native extension for WebGL target not found
Refreshing native plugins compatible for Editor in 1.27 ms, found 4 plugins.
Preloading 0 native plugins for Editor in 0.00 ms.
2022-06-20 16:28:18.903 Unity[4004:207803] NSEventModifierFlagFunction specified to -setKeyEquivalentModifierMask: for item <NSMenuItem: 0x6000033b1c70 Quick Recording, ke='Command-F10'>, but is only supported for system-provided menu items; will not be used
2022-06-20 16:28:18.908 Unity[4004:207803] NSEventModifierFlagFunction specified to -setKeyEquivalentModifierMask: for item <NSMenuItem: 0x600003325810 Font Asset, ke='Command-F12'>, but is only supported for system-provided menu items; will not be used
Mono: successfully reloaded assembly
- Completed reload, in  4.037 seconds
Domain Reload Profiling:
	ReloadAssembly (4039ms)
		BeginReloadAssembly (1212ms)
			ExecutionOrderSort (0ms)
			DisableScriptedObjects (17ms)
			BackupInstance (0ms)
			ReleaseScriptingObjects (0ms)
			CreateAndSetChildDomain (202ms)
		EndReloadAssembly (2734ms)
			LoadAssemblies (1781ms)
			RebuildTransferFunctionScriptingTraits (0ms)
			SetupTypeCache (660ms)
			ReleaseScriptCaches (3ms)
			RebuildScriptCaches (135ms)
			SetupLoadedEditorAssemblies (711ms)
				LogAssemblyErrors (0ms)
				InitializePlatformSupportModulesInManaged (7ms)
				SetLoadedEditorAssemblies (1ms)
				RefreshPlugins (1ms)
				BeforeProcessingInitializeOnLoad (249ms)
				ProcessInitializeOnLoadAttributes (422ms)
				ProcessInitializeOnLoadMethodAttributes (27ms)
				AfterProcessingInitializeOnLoad (1ms)
				EditorAssembliesLoaded (1ms)
			ExecutionOrderSort2 (0ms)
			AwakeInstancesAfterBackupRestoration (28ms)
Platform modules already initialized, skipping
Refreshing native plugins compatible for Editor in 1.24 ms, found 4 plugins.
Preloading 0 native plugins for Editor in 0.00 ms.
Unloading 4600 Unused Serialized files (Serialized files now loaded: 0)
System memory in use before: 408.9 MB.
System memory in use after: 409.3 MB.

Unloading 27 unused Assets to reduce memory usage. Loaded Objects now: 5505.
Total: 6.296461 ms (FindLiveObjects: 0.746742 ms CreateObjectMapping: 0.636958 ms MarkObjects: 4.765262 ms  DeleteObjects: 0.146401 ms)

AssetImportParameters requested are different than current active one (requested -> active):
  custom:video-decoder-ogg-theora: a1e56fd34408186e4bbccfd4996cb3dc -> 
  custom:container-muxer-webm: aa71ff27fc2769a1b78a27578f13a17b -> 
  custom:container-demuxer-webm: 4f35f7cbe854078d1ac9338744f61a02 -> 
  custom:container-demuxer-ogg: 62fdf1f143b41e24485cea50d1cbac27 -> 
  custom:video-encoder-webm-vp8: eb34c28f22e8b96e1ab97ce403110664 -> 
  custom:framework-osx-AVFoundation: e770b220cccbd017edd2c1fefb359320 -> 
  custom:video-decoder-webm-vp8: 9c59270c3fd7afecdb556c50c9e8de78 -> 
  custom:audio-decoder-ogg-vorbis: bf7c407c2cedff20999df2af8eb42d56 -> 
  custom:audio-encoder-webm-vorbis: bf7c407c2cedff20999df2af8eb42d56 -> 
========================================================================
Received Import Request.
  Time since last request: 630.625340 seconds.
  path: Assets/TextMesh Pro/Resources/Fonts & Materials/KdamThmorPro-Regular.ttf
  artifactKey: Guid(1ce739d28d33345e1815d96a7fc20930) Importer(815301076,1909f56bfc062723c751e8b465ee728b)
Start importing Assets/TextMesh Pro/Resources/Fonts & Materials/KdamThmorPro-Regular.ttf using Guid(1ce739d28d33345e1815d96a7fc20930) Importer(815301076,1909f56bfc062723c751e8b465ee728b)  -> (artifact id: '2f735f85192fdb0b4c9c06c2aa71d0d4') in 4.761193 seconds 
  Import took 4.785731 seconds .

========================================================================
Received Import Request.
  Time since last request: 0.107123 seconds.
  path: Assets/Cenas/01_MenuInicial.unity
  artifactKey: Guid(aac7297a981b7486fba5eeb4212dd339) Importer(815301076,1909f56bfc062723c751e8b465ee728b)
Start importing Assets/Cenas/01_MenuInicial.unity using Guid(aac7297a981b7486fba5eeb4212dd339) Importer(815301076,1909f56bfc062723c751e8b465ee728b)  -> (artifact id: '714df6453e78f213a5f2b6f39edce2c6') in 0.003437 seconds 
  Import took 0.014887 seconds .

========================================================================
Received Import Request.
  Time since last request: 0.038976 seconds.
  path: Assets/Menu/Assets/Fonts/Text_ROLLERGI.TTF
  artifactKey: Guid(a5417a70eb04f4374af7dc7e12939f53) Importer(815301076,1909f56bfc062723c751e8b465ee728b)
Start importing Assets/Menu/Assets/Fonts/Text_ROLLERGI.TTF using Guid(a5417a70eb04f4374af7dc7e12939f53) Importer(815301076,1909f56bfc062723c751e8b465ee728b)  -> (artifact id: 'ab8dacbbf45c59e20eacb94131f15c42') in 1.853991 seconds 
  Import took 1.871518 seconds .

========================================================================
Received Import Request.
  Time since last request: 0.015684 seconds.
  path: Assets/Compositor/DefaultCompositionGraph.asset
  artifactKey: Guid(d016e880b23b8458fa184e1df318b928) Importer(815301076,1909f56bfc062723c751e8b465ee728b)
Start importing Assets/Compositor/DefaultCompositionGraph.asset using Guid(d016e880b23b8458fa184e1df318b928) Importer(815301076,1909f56bfc062723c751e8b465ee728b)  -> (artifact id: '2dc7100d332c96f30458b0aa504a5b81') in 1.100801 seconds 
  Import took 1.117101 seconds .

========================================================================
Received Import Request.
  Time since last request: 0.004513 seconds.
  path: Assets/Materiais/inimigo_Shader.shadergraph
  artifactKey: Guid(e9d9ecc2f751c43bb89251ea13712651) Importer(815301076,1909f56bfc062723c751e8b465ee728b)
Start importing Assets/Materiais/inimigo_Shader.shadergraph using Guid(e9d9ecc2f751c43bb89251ea13712651) Importer(815301076,1909f56bfc062723c751e8b465ee728b)  -> (artifact id: 'dcaf306e356914b67db3322f191b76a1') in 0.099543 seconds 
  Import took 0.121616 seconds .

========================================================================
Received Import Request.
  Time since last request: 0.019980 seconds.
  path: Assets/TextMesh Pro/Fonts/Number_GROBOLD.ttf
  artifactKey: Guid(9997ab37fd2de4006a408b2214f7ec53) Importer(815301076,1909f56bfc062723c751e8b465ee728b)
Start importing Assets/TextMesh Pro/Fonts/Number_GROBOLD.ttf using Guid(9997ab37fd2de4006a408b2214f7ec53) Importer(815301076,1909f56bfc062723c751e8b465ee728b)  -> (artifact id: '0c26c342046d531afdba933032e62a7b') in 0.043219 seconds 
  Import took 0.053539 seconds .

========================================================================
Received Import Request.
  Time since last request: 0.048569 seconds.
  path: Assets/Scripts/transicao_jogo.cs
  artifactKey: Guid(f1f4e5999b2fb45ff9189aff69c8346a) Importer(815301076,1909f56bfc062723c751e8b465ee728b)
Start importing Assets/Scripts/transicao_jogo.cs using Guid(f1f4e5999b2fb45ff9189aff69c8346a) Importer(815301076,1909f56bfc062723c751e8b465ee728b)  -> (artifact id: 'a1eaa637a1cf7963e448df34c194057f') in 1.800921 seconds 
  Import took 1.816685 seconds .

========================================================================
Received Import Request.
  Time since last request: 0.007070 seconds.
  path: Assets/Scripts/Transicao_cartela_menu.cs
  artifactKey: Guid(3beea6c239cf04e65bdd8d6e466958f6) Importer(815301076,1909f56bfc062723c751e8b465ee728b)
Start importing Assets/Scripts/Transicao_cartela_menu.cs using Guid(3beea6c239cf04e65bdd8d6e466958f6) Importer(815301076,1909f56bfc062723c751e8b465ee728b)  -> (artifact id: '50b67630e6ad5fc408f98db83a64513d') in 0.002291 seconds 
  Import took 0.009811 seconds .

========================================================================
Received Import Request.
  Time since last request: 0.040149 seconds.
  path: Assets/TextMesh Pro/Resources/Fonts & Materials/Text_ROLLERGI.TTF
  artifactKey: Guid(c350bc03197ee49bb94faf84f07bb1ed) Importer(815301076,1909f56bfc062723c751e8b465ee728b)
Start importing Assets/TextMesh Pro/Resources/Fonts & Materials/Text_ROLLERGI.TTF using Guid(c350bc03197ee49bb94faf84f07bb1ed) Importer(815301076,1909f56bfc062723c751e8b465ee728b)  -> (artifact id: '927822045904b4809e55f510ce7d3754') in 0.041084 seconds 
  Import took 0.056033 seconds .

========================================================================
Received Import Request.
  Time since last request: 0.023728 seconds.
  path: Assets/Cenas/00_ABuild2/NavMesh.asset
  artifactKey: Guid(9aa5d09a1c21444b0b429834bba264c4) Importer(815301076,1909f56bfc062723c751e8b465ee728b)
Start importing Assets/Cenas/00_ABuild2/NavMesh.asset using Guid(9aa5d09a1c21444b0b429834bba264c4) Importer(815301076,1909f56bfc062723c751e8b465ee728b)  -> (artifact id: 'cb2c9cf6a1d4097593df4c515b5b1f5c') in 0.003965 seconds 
  Import took 0.015485 seconds .

========================================================================
Received Import Request.
  Time since last request: 0.044289 seconds.
  path: Assets/TextMesh Pro/Fonts/KdamThmorPro-Regular.ttf
  artifactKey: Guid(84e29552efc7e409eb2404323a6f874c) Importer(815301076,1909f56bfc062723c751e8b465ee728b)
Start importing Assets/TextMesh Pro/Fonts/KdamThmorPro-Regular.ttf using Guid(84e29552efc7e409eb2404323a6f874c) Importer(815301076,1909f56bfc062723c751e8b465ee728b)  -> (artifact id: '07e5079c78ab1c7dbde768f29cb887a6') in 0.041385 seconds 
  Import took 0.053148 seconds .

========================================================================
Received Import Request.
  Time since last request: 0.030314 seconds.
  path: Assets/Compositor
  artifactKey: Guid(dafd7729430ac42639283d17e421c4e1) Importer(815301076,1909f56bfc062723c751e8b465ee728b)
Start importing Assets/Compositor using Guid(dafd7729430ac42639283d17e421c4e1) Importer(815301076,1909f56bfc062723c751e8b465ee728b)  -> (artifact id: '3eff220ff0c9e842efbe4bc288726358') in 0.001759 seconds 
  Import took 0.037528 seconds .

========================================================================
Received Import Request.
  Time since last request: 0.057538 seconds.
  path: Assets/Fonts
  artifactKey: Guid(2894d080261634bd6a821e04fb45b430) Importer(815301076,1909f56bfc062723c751e8b465ee728b)
Start importing Assets/Fonts using Guid(2894d080261634bd6a821e04fb45b430) Importer(815301076,1909f56bfc062723c751e8b465ee728b)  -> (artifact id: '4b2129e5e43d14f7c66258dc6f44bfd9') in 0.001387 seconds 
  Import took 0.010580 seconds .

========================================================================
Received Import Request.
  Time since last request: 0.042047 seconds.
  path: Assets/Compositor/DefaultCompositionGraph.shadergraph
  artifactKey: Guid(246c56b96df6349d19e04069905a5403) Importer(815301076,1909f56bfc062723c751e8b465ee728b)
Start importing Assets/Compositor/DefaultCompositionGraph.shadergraph using Guid(246c56b96df6349d19e04069905a5403) Importer(815301076,1909f56bfc062723c751e8b465ee728b)  -> (artifact id: 'c5caca970b21058ddda50e9bde831730') in 0.003042 seconds 
  Import took 0.024771 seconds .

========================================================================
Received Import Request.
  Time since last request: 0.043830 seconds.
  path: Assets/Scripts/MainMenu.cs
  artifactKey: Guid(343f1b3c97b3c4b71873908693b2a6d7) Importer(815301076,1909f56bfc062723c751e8b465ee728b)
Start importing Assets/Scripts/MainMenu.cs using Guid(343f1b3c97b3c4b71873908693b2a6d7) Importer(815301076,1909f56bfc062723c751e8b465ee728b)  -> (artifact id: 'df05384ba46d55149cd0af7697eb3b61') in 0.004568 seconds 
  Import took 0.019351 seconds .

========================================================================
Received Import Request.
  Time since last request: 0.055414 seconds.
  path: Assets/HDRPDefaultResources/HDRenderPipelineAsset.asset
  artifactKey: Guid(71eee1a61661a43ab989a6906d5b2020) Importer(815301076,1909f56bfc062723c751e8b465ee728b)
Start importing Assets/HDRPDefaultResources/HDRenderPipelineAsset.asset using Guid(71eee1a61661a43ab989a6906d5b2020) Importer(815301076,1909f56bfc062723c751e8b465ee728b)  -> (artifact id: '1d8ede89c3433cb226388bb4f427dc94') in 0.003343 seconds 
  Import took 0.012129 seconds .

========================================================================
Received Import Request.
  Time since last request: 0.071020 seconds.
  path: Assets/TextMesh Pro/Resources/Fonts & Materials/LiberationSans SDF - Fallback.asset
  artifactKey: Guid(2e498d1c8094910479dc3e1b768306a4) Importer(815301076,1909f56bfc062723c751e8b465ee728b)
Start importing Assets/TextMesh Pro/Resources/Fonts & Materials/LiberationSans SDF - Fallback.asset using Guid(2e498d1c8094910479dc3e1b768306a4) Importer(815301076,1909f56bfc062723c751e8b465ee728b)  -> (artifact id: '582836ade61edebc81be284b02c18095') in 0.114565 seconds 
  Import took 0.123902 seconds .

========================================================================
Received Import Request.
  Time since last request: 0.024065 seconds.
  path: Assets/Scripts/FimNivel1.cs
  artifactKey: Guid(b3f2e039c0e054760bbeeb3886c38ee7) Importer(815301076,1909f56bfc062723c751e8b465ee728b)
Start importing Assets/Scripts/FimNivel1.cs using Guid(b3f2e039c0e054760bbeeb3886c38ee7) Importer(815301076,1909f56bfc062723c751e8b465ee728b)  -> (artifact id: 'a330e0c82b09db16dd3c2b9f398418c3') in 0.002240 seconds 
  Import took 0.013016 seconds .

========================================================================
Received Import Request.
  Time since last request: 0.002854 seconds.
  path: Assets/Menu/Assets/Fonts/KdamThmorPro-Regular.ttf
  artifactKey: Guid(c4cbd84f8b9d0442a9ff6e05c2f4bd6c) Importer(815301076,1909f56bfc062723c751e8b465ee728b)
Start importing Assets/Menu/Assets/Fonts/KdamThmorPro-Regular.ttf using Guid(c4cbd84f8b9d0442a9ff6e05c2f4bd6c) Importer(815301076,1909f56bfc062723c751e8b465ee728b)  -> (artifact id: '9e777918020e0bf87ce7454050ab1938') in 0.044429 seconds 
  Import took 0.066132 seconds .

========================================================================
Received Import Request.
  Time since last request: 0.084042 seconds.
  path: Assets/Fonts/Text_ROLLERGI.TTF
  artifactKey: Guid(b0d9f1ce0f102441aad7119cce1d19a2) Importer(815301076,1909f56bfc062723c751e8b465ee728b)
Start importing Assets/Fonts/Text_ROLLERGI.TTF using Guid(b0d9f1ce0f102441aad7119cce1d19a2) Importer(815301076,1909f56bfc062723c751e8b465ee728b)  -> (artifact id: '18b7a7769607b26a535466d17377d393') in 0.049109 seconds 
  Import took 0.059269 seconds .

========================================================================
Received Import Request.
  Time since last request: 0.094632 seconds.
  path: Assets/Scripts/TesteButaomenu.cs
  artifactKey: Guid(977605d489b914f2cbacb9db19e02835) Importer(815301076,1909f56bfc062723c751e8b465ee728b)
Start importing Assets/Scripts/TesteButaomenu.cs using Guid(977605d489b914f2cbacb9db19e02835) Importer(815301076,1909f56bfc062723c751e8b465ee728b)  -> (artifact id: '2b22202450b46a47f39cc193cd70d51e') in 0.002871 seconds 
  Import took 0.015826 seconds .

========================================================================
Received Import Request.
  Time since last request: 0.064793 seconds.
  path: Assets/Prefabs/Inimigo 2.prefab
  artifactKey: Guid(0c762402df0414ad2b2ef190a69eb4da) Importer(815301076,1909f56bfc062723c751e8b465ee728b)
Start importing Assets/Prefabs/Inimigo 2.prefab using Guid(0c762402df0414ad2b2ef190a69eb4da) Importer(815301076,1909f56bfc062723c751e8b465ee728b)  -> (artifact id: '42db18470b8cf487bbcd5596f916a644') in 0.320434 seconds 
  Import took 0.377546 seconds .

========================================================================
Received Import Request.
  Time since last request: 0.007395 seconds.
  path: Assets/Scripts/Temporizador.cs
  artifactKey: Guid(ec5d46bb39209404c8354f41d03ff2d0) Importer(815301076,1909f56bfc062723c751e8b465ee728b)
Start importing Assets/Scripts/Temporizador.cs using Guid(ec5d46bb39209404c8354f41d03ff2d0) Importer(815301076,1909f56bfc062723c751e8b465ee728b)  -> (artifact id: '868f3c8bf55e45250dc4a95107046987') in 0.005357 seconds 
  Import took 0.016536 seconds .

========================================================================
Received Import Request.
  Time since last request: 0.019024 seconds.
  path: Assets/Cenas/03_Game-01/Vinheta Profile.asset
  artifactKey: Guid(52918136c76da4242b38de0cf104381c) Importer(815301076,1909f56bfc062723c751e8b465ee728b)
Start importing Assets/Cenas/03_Game-01/Vinheta Profile.asset using Guid(52918136c76da4242b38de0cf104381c) Importer(815301076,1909f56bfc062723c751e8b465ee728b)  -> (artifact id: 'c95e13e735ec1428bcaffb9ee401ab6c') in 0.007338 seconds 
  Import took 0.018255 seconds .

========================================================================
Received Import Request.
  Time since last request: 0.008110 seconds.
  path: Assets/TextMesh Pro/Fonts/Text_ROLLERGI.TTF
  artifactKey: Guid(4dc83ae5c1916446685d64ed9e44db96) Importer(815301076,1909f56bfc062723c751e8b465ee728b)
Start importing Assets/TextMesh Pro/Fonts/Text_ROLLERGI.TTF using Guid(4dc83ae5c1916446685d64ed9e44db96) Importer(815301076,1909f56bfc062723c751e8b465ee728b)  -> (artifact id: 'faa6b932828f284f10b61491023a00d7') in 0.061920 seconds 
  Import took 0.075049 seconds .

========================================================================
Received Import Request.
  Time since last request: 0.003220 seconds.
  path: Assets/Cenas/00_LIGHTING/Global Volume Profile.asset
  artifactKey: Guid(ad0251ae1b56343ac84e59e3f4153ff7) Importer(815301076,1909f56bfc062723c751e8b465ee728b)
Start importing Assets/Cenas/00_LIGHTING/Global Volume Profile.asset using Guid(ad0251ae1b56343ac84e59e3f4153ff7) Importer(815301076,1909f56bfc062723c751e8b465ee728b)  -> (artifact id: 'a13511d62c6b152cc1b1950d0eb81f4f') in 0.006466 seconds 
  Import took 0.017878 seconds .

========================================================================
Received Import Request.
  Time since last request: 0.049704 seconds.
  path: Assets/Scripts/PauseMenu.cs
  artifactKey: Guid(2c9b5d7e4ff824c0e815ad02df5aae9f) Importer(815301076,1909f56bfc062723c751e8b465ee728b)
Start importing Assets/Scripts/PauseMenu.cs using Guid(2c9b5d7e4ff824c0e815ad02df5aae9f) Importer(815301076,1909f56bfc062723c751e8b465ee728b)  -> (artifact id: 'ec476bc7527c39a1742e6cc47b94691b') in 0.005383 seconds 
  Import took 0.017004 seconds .

========================================================================
Received Import Request.
  Time since last request: 0.014175 seconds.
  path: Assets/Scripts/Jogador.cs
  artifactKey: Guid(c9cbd16f676864adbabcc8fd01307b52) Importer(815301076,1909f56bfc062723c751e8b465ee728b)
Start importing Assets/Scripts/Jogador.cs using Guid(c9cbd16f676864adbabcc8fd01307b52) Importer(815301076,1909f56bfc062723c751e8b465ee728b)  -> (artifact id: '69f19dc8ab9afb327e146df5dfa91d5f') in 0.005567 seconds 
  Import took 0.017108 seconds .

========================================================================
Received Import Request.
  Time since last request: 0.123390 seconds.
  path: Assets/Fonts/Number_GROBOLD.ttf
  artifactKey: Guid(eda208581535f4e6382e2b5ef78e0f18) Importer(815301076,1909f56bfc062723c751e8b465ee728b)
Start importing Assets/Fonts/Number_GROBOLD.ttf using Guid(eda208581535f4e6382e2b5ef78e0f18) Importer(815301076,1909f56bfc062723c751e8b465ee728b)  -> (artifact id: '314c09fede69c051239c46b72a849bac') in 0.046863 seconds 
  Import took 0.057146 seconds .

========================================================================
Received Import Request.
  Time since last request: 0.004842 seconds.
  path: Assets/Cenas/03_Game-01
  artifactKey: Guid(bdc67ffa8022545ada5f481787ea739c) Importer(815301076,1909f56bfc062723c751e8b465ee728b)
Start importing Assets/Cenas/03_Game-01 using Guid(bdc67ffa8022545ada5f481787ea739c) Importer(815301076,1909f56bfc062723c751e8b465ee728b)  -> (artifact id: '09617ba3784bf374964220b3c377c527') in 0.000955 seconds 
  Import took 0.012151 seconds .

========================================================================
Received Import Request.
  Time since last request: 0.010729 seconds.
  path: Assets/Scripts/FimNivel2.cs
  artifactKey: Guid(bec807ab8c2ef4215b7f8d36bdb5b0be) Importer(815301076,1909f56bfc062723c751e8b465ee728b)
Start importing Assets/Scripts/FimNivel2.cs using Guid(bec807ab8c2ef4215b7f8d36bdb5b0be) Importer(815301076,1909f56bfc062723c751e8b465ee728b)  -> (artifact id: '265944aefb7bb84cf6855ae7810e2f90') in 0.003940 seconds 
  Import took 0.014633 seconds .

========================================================================
Received Import Request.
  Time since last request: 0.006271 seconds.
  path: Assets/luz.lighting
  artifactKey: Guid(26c9832cc726645fe8da8bdc8bb6136e) Importer(815301076,1909f56bfc062723c751e8b465ee728b)
Start importing Assets/luz.lighting using Guid(26c9832cc726645fe8da8bdc8bb6136e) Importer(815301076,1909f56bfc062723c751e8b465ee728b)  -> (artifact id: 'ef86951d96b70bcb5138c44e6b90e83d') in 0.101421 seconds 
  Import took 0.120341 seconds .

========================================================================
Received Import Request.
  Time since last request: 0.053395 seconds.
  path: Assets/TextMesh Pro/Resources/Fonts & Materials/Number_GROBOLD.ttf
  artifactKey: Guid(50cf7062dccf440a3988240547d4124c) Importer(815301076,1909f56bfc062723c751e8b465ee728b)
Start importing Assets/TextMesh Pro/Resources/Fonts & Materials/Number_GROBOLD.ttf using Guid(50cf7062dccf440a3988240547d4124c) Importer(815301076,1909f56bfc062723c751e8b465ee728b)  -> (artifact id: '155cc84a2b7b3dc9c269cf096f59e6b5') in 0.046216 seconds 
  Import took 0.057649 seconds .

========================================================================
Received Import Request.
  Time since last request: 0.131135 seconds.
  path: Assets/Cenas/00_ABuild2
  artifactKey: Guid(6cb5c0bbf26df4d059bf1a0978dfb099) Importer(815301076,1909f56bfc062723c751e8b465ee728b)
Start importing Assets/Cenas/00_ABuild2 using Guid(6cb5c0bbf26df4d059bf1a0978dfb099) Importer(815301076,1909f56bfc062723c751e8b465ee728b)  -> (artifact id: '6a78b313ec78a125ff5be0ce4de83d7b') in 0.002041 seconds 
  Import took 0.012691 seconds .

========================================================================
Received Import Request.
  Time since last request: 0.027170 seconds.
  path: Assets/Fonts/KdamThmorPro-Regular.ttf
  artifactKey: Guid(0e297b2d45deb4a82a79aaed3a13762f) Importer(815301076,1909f56bfc062723c751e8b465ee728b)
Start importing Assets/Fonts/KdamThmorPro-Regular.ttf using Guid(0e297b2d45deb4a82a79aaed3a13762f) Importer(815301076,1909f56bfc062723c751e8b465ee728b)  -> (artifact id: '7c5331c69f071fcbeb58901ff603f3fe') in 0.047248 seconds 
  Import took 0.057398 seconds .

========================================================================
Received Import Request.
  Time since last request: 0.066458 seconds.
  path: Assets/Prefabs/Inimigo (1).prefab
  artifactKey: Guid(90fe2450f79724984ab52102e05e392c) Importer(815301076,1909f56bfc062723c751e8b465ee728b)
Start importing Assets/Prefabs/Inimigo (1).prefab using Guid(90fe2450f79724984ab52102e05e392c) Importer(815301076,1909f56bfc062723c751e8b465ee728b)  -> (artifact id: '4e2f9eee01c56ae85f587d5b0f2f78ab') in 0.072693 seconds 
  Import took 0.112773 seconds .

========================================================================
Received Import Request.
  Time since last request: 0.038902 seconds.
  path: Assets/Scripts/AcabaTempo_canvas.cs
  artifactKey: Guid(d469d80919d1a4e4dbc42bf6374f6212) Importer(815301076,1909f56bfc062723c751e8b465ee728b)
Start importing Assets/Scripts/AcabaTempo_canvas.cs using Guid(d469d80919d1a4e4dbc42bf6374f6212) Importer(815301076,1909f56bfc062723c751e8b465ee728b)  -> (artifact id: 'e2ebefdc26bc8802aad7de10ae7b5f83') in 0.002501 seconds 
  Import took 0.032081 seconds .

========================================================================
Received Import Request.
  Time since last request: 0.037764 seconds.
  path: Assets/Menu/Assets/Fonts/Number_GROBOLD.ttf
  artifactKey: Guid(95e8ab01cbfe1415383bd424b4bc5dc9) Importer(815301076,1909f56bfc062723c751e8b465ee728b)
Start importing Assets/Menu/Assets/Fonts/Number_GROBOLD.ttf using Guid(95e8ab01cbfe1415383bd424b4bc5dc9) Importer(815301076,1909f56bfc062723c751e8b465ee728b)  -> (artifact id: 'dccd65ee02641a49bfc7430418871431') in 0.043167 seconds 
  Import took 0.052964 seconds .

========================================================================
Received Import Request.
  Time since last request: 0.061575 seconds.
  path: Assets/Scripts/PontosColetados.cs
  artifactKey: Guid(8e4d018efb94142d998284c1f10fd701) Importer(815301076,1909f56bfc062723c751e8b465ee728b)
Start importing Assets/Scripts/PontosColetados.cs using Guid(8e4d018efb94142d998284c1f10fd701) Importer(815301076,1909f56bfc062723c751e8b465ee728b)  -> (artifact id: 'bf570af5b30d8e734e19c0dff64bbd81') in 0.002336 seconds 
  Import took 0.013681 seconds .

========================================================================
Received Import Request.
  Time since last request: 0.016123 seconds.
  path: Assets/Cenas/00_Post_processing-03-com_organizacao_canvas/LightingData.asset
  artifactKey: Guid(00016d37c5b8940f7a1597e9f5adbc79) Importer(815301076,1909f56bfc062723c751e8b465ee728b)
Start importing Assets/Cenas/00_Post_processing-03-com_organizacao_canvas/LightingData.asset using Guid(00016d37c5b8940f7a1597e9f5adbc79) Importer(815301076,1909f56bfc062723c751e8b465ee728b)  -> (artifact id: '92c0b40385865386d17eea235d5c1a64') in 0.003529 seconds 
  Import took 0.010700 seconds .

